<?xml version="1.0" encoding="UTF-8"?>
<!-- Generated by org.testng.reporters.JUnitReportReporter -->
<testsuite hostname="dell" name="pack1.NewTest1" tests="3" failures="0" timestamp="18 Aug 2018 09:51:38 GMT" time="61.868" errors="0">
  <testcase name="f1" time="35.522" classname="pack1.NewTest1"/>
  <testcase name="f2" time="15.833" classname="pack1.NewTest1"/>
  <testcase name="f3" time="10.513" classname="pack1.NewTest1"/>
</testsuite> <!-- pack1.NewTest1 -->
